Maria Carmen
Maria
Carmen
Josefa
Isabel
Ana Maria
Maria Dolores
Maria Pilar
Maria Teresa
Ana
Laura
Francisca
Antonia
Dolores
Maria Angeles
Cristina
Marta
Maria Jose
Maria Isabel
Pilar
Maria Luisa
Lucia
Concepcion
Elena
Mercedes
Manuela
Rosa Maria
Raquel
Sara
Maria Jesus
Paula
Juana
Teresa
Rosario
Encarnacion
Beatriz
Rosa
Nuria
Silvia
Montserrat
Julia
Patricia
Irene
Monica
Andrea
Rocio
Angela
Maria Mar
Margarita
Sonia
Sandra
Susana
Alicia
Yolanda
Alba
Maria Josefa
Marina
Natalia
Maria Rosario
Inmaculada
Angeles
Esther
Maria Mercedes
Ana Isabel
Eva
Veronica
Amparo
Noelia
Maria Rosa
Maria Victoria
Maria Concepcion
Carolina
Claudia
Eva Maria
Catalina
Consuelo
Victoria
Lorena
Ana Belen
Maria Antonia
Maria Elena
Miriam
Emilia
Nerea
Luisa
Ines
Maria Nieves
Gloria
Lidia
Carla
Aurora
Esperanza
Josefina
Sofia
Milagros
Olga
Celia
Maria Soledad
Purificacion
Maria Cristina
Virginia
Maria Luz
Fatima
Lourdes
Vanesa
Alejandra
Clara
Anna
Magdalena
Begoña
Vicenta
Asuncion
Matilde
Isabel Maria
Maria Belen
Elisa
Estefania
Remedios
Ainhoa
Araceli
Trinidad
Maria Asuncion
Maria Paz
Elvira
Maria Begoña
Soledad
Natividad
Gema
Belen
Blanca
Daniela
Maria Esther
Maria Lourdes
Felisa
Ascension
Tamara
Vanessa
Nieves
Maria Cruz
Gemma
Paloma
Rafaela
Rebeca
Almudena
Adela
Adriana
Maria Inmaculada
Maria Amparo
Amalia
Ramona
Noemi
Mireia
Maria Eugenia
Amelia
Tania
Joaquina
Jessica
Juana Maria
Leonor
Petra
Martina
Laia
Carmen Maria
Maria Rocio
Juliana
Diana
Mariana
Guadalupe
Barbara
Agustina
Rosalia
Leticia
Cecilia
Elisabet
Adoracion
Maria Encarnacion
Ariadna
Maria Magdalena
Carlota
Jennifer
Maria Francisca
Judith
Estrella
Ester
Sheila
Judit
Leire
Eugenia
Valentina
Maria Gloria
Lara
Emma
Maria Milagros
Ruth
Soraya
Gabriela
Maria Consuelo
Maria Montserrat
Aitana
Eulalia
Maria Yolanda
Herminia
Berta
Alexandra
Enriqueta
Ainara
Aroa
Aida
Elisabeth
Helena
Gregoria
Florentina
Piedad
Aurelia
Maria Reyes
Maria Remedios
Nadia
Erika
Macarena
Candida
Estela
Maria Aranzazu
Mirian
Maria Trinidad
Aranzazu
Maria Esperanza
Naiara
Tatiana
Amaia
Paola
Yaiza
Candela
Sagrario
Maite
Itziar
Saray
Joana
Merce
Caridad
Tomasa
Amanda
Rita
Teodora
Valeria
Ana Rosa
Elsa
Noa
Felicidad
Maria Carme
Benita
Mar
Filomena
Antonia Maria
Africa
Agueda
Adelina
Maria Sol
Maria Manuela
Meritxell
Consolacion
Carme
Maria Julia
Hortensia
Desiree
Candelaria
Maria Ines
Roser
Nora
Elizabeth
Aina
Maria Fernanda
Marcelina
Eloisa
Maria Gracia
Adelaida
Maria Ascension
Maria Candelaria
Esmeralda
Neus
Lydia
Maria Dolors
Flora
Alba Maria
Ana Cristina
Maria Purificacion
Visitacion
Iris
Khadija
Violeta
Fernanda
Amaya
Micaela
Ane
Maria Sagrario
Azucena
Iria
